This is pdfTeX, Version 3.14159265-2.6-1.40.16 (TeX Live 2015) (preloaded format=pdflatex 2016.2.11)  12 FEB 2016 09:18
entering extended mode
 restricted \write18 enabled.
 %&-line parsing enabled.
**NS_Full_El.tex
(./NS_Full_El.tex
LaTeX2e <2016/02/01>
Babel <3.9n> and hyphenation patterns for 79 languages loaded.
(/afs/cern.ch/sw/XML/TL2015/texmf-dist/tex/latex/base/article.cls
Document Class: article 2014/09/29 v1.4h Standard LaTeX document class
(/afs/cern.ch/sw/XML/TL2015/texmf-dist/tex/latex/base/size11.clo
File: size11.clo 2014/09/29 v1.4h Standard LaTeX file (size option)
)
\c@part=\count79
\c@section=\count80
\c@subsection=\count81
\c@subsubsection=\count82
\c@paragraph=\count83
\c@subparagraph=\count84
\c@figure=\count85
\c@table=\count86
\abovecaptionskip=\skip41
\belowcaptionskip=\skip42
\bibindent=\dimen102
)
(/afs/cern.ch/sw/XML/TL2015/texmf-dist/tex/latex/rotating/rotating.sty
Package: rotating 2009/03/28 v2.16a rotated objects in LaTeX

(/afs/cern.ch/sw/XML/TL2015/texmf-dist/tex/latex/graphics/graphicx.sty
Package: graphicx 2014/10/28 v1.0g Enhanced LaTeX Graphics (DPC,SPQR)

(/afs/cern.ch/sw/XML/TL2015/texmf-dist/tex/latex/graphics/keyval.sty
Package: keyval 2014/10/28 v1.15 key=value parser (DPC)
\KV@toks@=\toks14
)
(/afs/cern.ch/sw/XML/TL2015/texmf-dist/tex/latex/graphics/graphics.sty
Package: graphics 2016/01/03 v1.0q Standard LaTeX Graphics (DPC,SPQR)

(/afs/cern.ch/sw/XML/TL2015/texmf-dist/tex/latex/graphics/trig.sty
Package: trig 2016/01/03 v1.10 sin cos tan (DPC)
)
(/afs/cern.ch/sw/XML/TL2015/texmf-dist/tex/latex/latexconfig/graphics.cfg
File: graphics.cfg 2010/04/23 v1.9 graphics configuration of TeX Live
)
Package graphics Info: Driver file: pdftex.def on input line 95.

(/afs/cern.ch/sw/XML/TL2015/texmf-dist/tex/latex/pdftex-def/pdftex.def
File: pdftex.def 2011/05/27 v0.06d Graphics/color for pdfTeX

(/afs/cern.ch/sw/XML/TL2015/texmf-dist/tex/generic/oberdiek/infwarerr.sty
Package: infwarerr 2010/04/08 v1.3 Providing info/warning/error messages (HO)
)
(/afs/cern.ch/sw/XML/TL2015/texmf-dist/tex/generic/oberdiek/ltxcmds.sty
Package: ltxcmds 2011/11/09 v1.22 LaTeX kernel commands for general use (HO)
)
\Gread@gobject=\count87
))
\Gin@req@height=\dimen103
\Gin@req@width=\dimen104
)
(/afs/cern.ch/sw/XML/TL2015/texmf-dist/tex/latex/base/ifthen.sty
Package: ifthen 2014/09/29 v1.1c Standard LaTeX ifthen package (DPC)
)
\c@r@tfl@t=\count88
\rotFPtop=\skip43
\rotFPbot=\skip44
\rot@float@box=\box26
\rot@mess@toks=\toks15
)
(/afs/cern.ch/sw/XML/TL2015/texmf-dist/tex/latex/graphics/color.sty
Package: color 2016/01/03 v1.1b Standard LaTeX Color (DPC)

(/afs/cern.ch/sw/XML/TL2015/texmf-dist/tex/latex/latexconfig/color.cfg
File: color.cfg 2007/01/18 v1.5 color configuration of teTeX/TeXLive
)
Package color Info: Driver file: pdftex.def on input line 143.
)
(./NS_Full_El.aux)
\openout1 = `NS_Full_El.aux'.

LaTeX Font Info:    Checking defaults for OML/cmm/m/it on input line 5.
LaTeX Font Info:    ... okay on input line 5.
LaTeX Font Info:    Checking defaults for T1/cmr/m/n on input line 5.
LaTeX Font Info:    ... okay on input line 5.
LaTeX Font Info:    Checking defaults for OT1/cmr/m/n on input line 5.
LaTeX Font Info:    ... okay on input line 5.
LaTeX Font Info:    Checking defaults for OMS/cmsy/m/n on input line 5.
LaTeX Font Info:    ... okay on input line 5.
LaTeX Font Info:    Checking defaults for OMX/cmex/m/n on input line 5.
LaTeX Font Info:    ... okay on input line 5.
LaTeX Font Info:    Checking defaults for U/cmr/m/n on input line 5.
LaTeX Font Info:    ... okay on input line 5.

(/afs/cern.ch/sw/XML/TL2015/texmf-dist/tex/context/base/supp-pdf.mkii
[Loading MPS to PDF converter (version 2006.09.02).]
\scratchcounter=\count89
\scratchdimen=\dimen105
\scratchbox=\box27
\nofMPsegments=\count90
\nofMParguments=\count91
\everyMPshowfont=\toks16
\MPscratchCnt=\count92
\MPscratchDim=\dimen106
\MPnumerator=\count93
\makeMPintoPDFobject=\count94
\everyMPtoPDFconversion=\toks17
) (/afs/cern.ch/sw/XML/TL2015/texmf-dist/tex/generic/oberdiek/pdftexcmds.sty
Package: pdftexcmds 2011/11/29 v0.20 Utility functions of pdfTeX for LuaTeX (HO
)

(/afs/cern.ch/sw/XML/TL2015/texmf-dist/tex/generic/oberdiek/ifluatex.sty
Package: ifluatex 2010/03/01 v1.3 Provides the ifluatex switch (HO)
Package ifluatex Info: LuaTeX not detected.
)
(/afs/cern.ch/sw/XML/TL2015/texmf-dist/tex/generic/oberdiek/ifpdf.sty
Package: ifpdf 2011/01/30 v2.3 Provides the ifpdf switch (HO)
Package ifpdf Info: pdfTeX in PDF mode is detected.
)
Package pdftexcmds Info: LuaTeX not detected.
Package pdftexcmds Info: \pdf@primitive is available.
Package pdftexcmds Info: \pdf@ifprimitive is available.
Package pdftexcmds Info: \pdfdraftmode found.
)
(/afs/cern.ch/sw/XML/TL2015/texmf-dist/tex/latex/oberdiek/epstopdf-base.sty
Package: epstopdf-base 2010/02/09 v2.5 Base part for package epstopdf

(/afs/cern.ch/sw/XML/TL2015/texmf-dist/tex/latex/oberdiek/grfext.sty
Package: grfext 2010/08/19 v1.1 Manage graphics extensions (HO)

(/afs/cern.ch/sw/XML/TL2015/texmf-dist/tex/generic/oberdiek/kvdefinekeys.sty
Package: kvdefinekeys 2011/04/07 v1.3 Define keys (HO)
))
(/afs/cern.ch/sw/XML/TL2015/texmf-dist/tex/latex/oberdiek/kvoptions.sty
Package: kvoptions 2011/06/30 v3.11 Key value format for package options (HO)

(/afs/cern.ch/sw/XML/TL2015/texmf-dist/tex/generic/oberdiek/kvsetkeys.sty
Package: kvsetkeys 2012/04/25 v1.16 Key value parser (HO)

(/afs/cern.ch/sw/XML/TL2015/texmf-dist/tex/generic/oberdiek/etexcmds.sty
Package: etexcmds 2011/02/16 v1.5 Avoid name clashes with e-TeX commands (HO)
Package etexcmds Info: Could not find \expanded.
(etexcmds)             That can mean that you are not using pdfTeX 1.50 or
(etexcmds)             that some package has redefined \expanded.
(etexcmds)             In the latter case, load this package earlier.
)))
Package grfext Info: Graphics extension search list:
(grfext)             [.png,.pdf,.jpg,.mps,.jpeg,.jbig2,.jb2,.PNG,.PDF,.JPG,.JPE
G,.JBIG2,.JB2,.eps]
(grfext)             \AppendGraphicsExtensions on input line 452.

(/afs/cern.ch/sw/XML/TL2015/texmf-dist/tex/latex/latexconfig/epstopdf-sys.cfg
File: epstopdf-sys.cfg 2010/07/13 v1.3 Configuration of (r)epstopdf for TeX Liv
e
))
LaTeX Font Info:    External font `cmex10' loaded for size
(Font)              <10.95> on input line 10.
LaTeX Font Info:    External font `cmex10' loaded for size
(Font)              <8> on input line 10.
LaTeX Font Info:    External font `cmex10' loaded for size
(Font)              <6> on input line 10.

Overfull \hbox (97.34085pt too wide) in paragraph at lines 10--37
 [][] 
 []


Overfull \hbox (97.34085pt too wide) in paragraph at lines 41--68
 [][] 
 []


Overfull \hbox (97.34085pt too wide) in paragraph at lines 72--99
 [][] 
 []


Overfull \hbox (97.34085pt too wide) in paragraph at lines 103--130
 [][] 
 []


Overfull \hbox (97.34085pt too wide) in paragraph at lines 134--161
 [][] 
 []


Overfull \hbox (97.34085pt too wide) in paragraph at lines 165--192
 [][] 
 []


Overfull \hbox (97.34085pt too wide) in paragraph at lines 196--223
 [][] 
 []


Overfull \hbox (97.34085pt too wide) in paragraph at lines 227--254
 [][] 
 []

[1{/afs/cern.ch/sw/XML/TL2015/texmf-var/fonts/map/pdftex/updmap/pdftex.map}]
[2] [3] [4] (./NS_Full_El.aux) ) 
Here is how much of TeX's memory you used:
 1633 strings out of 493042
 23704 string characters out of 6133328
 126250 words of memory out of 5000000
 5171 multiletter control sequences out of 15000+600000
 6687 words of font info for 24 fonts, out of 8000000 for 9000
 1141 hyphenation exceptions out of 8191
 38i,12n,23p,274b,207s stack positions out of 5000i,500n,10000p,200000b,80000s
</afs/cern.ch/sw/XML/TL2015/texmf-dist/fonts/ty
pe1/public/amsfonts/cm/cmbx10.pfb></afs/cern.ch/sw/XML/TL2015/texmf-dist/fonts/
type1/public/amsfonts/cm/cmmi10.pfb></afs/cern.ch/sw/XML/TL2015/texmf-dist/font
s/type1/public/amsfonts/cm/cmr10.pfb>
Output written on NS_Full_El.pdf (4 pages, 42226 bytes).
PDF statistics:
 29 PDF objects out of 1000 (max. 8388607)
 19 compressed objects within 1 object stream
 0 named destinations out of 1000 (max. 500000)
 1 words of extra memory for PDF output out of 10000 (max. 10000000)

